<?xml version="1.0" encoding="UTF-8"?>
<!-- Generated by org.testng.reporters.JUnitXMLReporter -->
<testsuite ignored="0" hostname="Suyogs-MacBook-Pro.local" failures="1" tests="2" name="TestChrome" time="19.122" errors="0" timestamp="2024-05-27T00:10:58 IST">
  <testcase classname="TestNG.ParamTest" name="testhomepagelogo" time="0.608">
    <failure type="java.lang.AssertionError" message="OrangeHRM expected:&amp;lt;OrangeHRM&amp;gt; but was:&amp;lt;Title not Same&amp;gt;">
      <![CDATA[java.lang.AssertionError: OrangeHRM expected:<OrangeHRM> but was:<Title not Same>
at TestNG.ParamTest.testhomepagelogo(ParamTest.java:64)
at java.base/java.util.ArrayList.forEach(ArrayList.java:1511)
at java.base/java.util.concurrent.FutureTask.run(FutureTask.java:264)
at java.base/java.util.concurrent.ThreadPoolExecutor.runWorker(ThreadPoolExecutor.java:1136)
at java.base/java.util.concurrent.ThreadPoolExecutor$Worker.run(ThreadPoolExecutor.java:635)
at java.base/java.lang.Thread.run(Thread.java:840)
... Removed 19 stack frames]]>
    </failure>
  </testcase> <!-- testhomepagelogo -->
  <testcase classname="TestNG.ParamTest" name="testlogo" time="0.281"/>
</testsuite> <!-- TestChrome -->
